{
  "stats": {
    "suites": 1,
    "tests": 1,
    "passes": 1,
    "pending": 0,
    "failures": 0,
    "start": "2021-09-14T09:25:59.946Z",
    "end": "2021-09-14T09:26:13.503Z",
    "duration": 13557,
    "testsRegistered": 1,
    "passPercent": 100,
    "pendingPercent": 0,
    "other": 0,
    "hasOther": false,
    "skipped": 0,
    "hasSkipped": false
  },
  "results": [
    {
      "uuid": "c8a61bca-491f-4489-869b-48b061118c97",
      "title": "",
      "fullFile": "cypress/integration/angularpractice/E2E.js",
      "file": "cypress/integration/angularpractice/E2E.js",
      "beforeHooks": [],
      "afterHooks": [],
      "tests": [],
      "suites": [
        {
          "uuid": "dd7d4d79-b94e-4345-bd2c-b384b2a279f2",
          "title": "angularpractice end to end framework test",
          "fullFile": "",
          "file": "",
          "beforeHooks": [],
          "afterHooks": [],
          "tests": [
            {
              "title": "Vearifying the homepage of data and functionality",
              "fullTitle": "angularpractice end to end framework test Vearifying the homepage of data and functionality",
              "timedOut": null,
              "duration": 6301,
              "state": "passed",
              "speed": "slow",
              "pass": true,
              "fail": false,
              "pending": false,
              "context": null,
              "code": "const homepage = new _Homepage.default();\nhomepage.getName().type('krishankant');\nhomepage.getName().should('have.attr', 'minlength', '2');\nhomepage.getEmail().type('kksinghg.kksingh@gmail.com');\nhomepage.getPassword().type('abc123');\nhomepage.getGender('Male').should('have.value', 'Male');\nhomepage.getStudent().check().should('be.checked');\nhomepage.getEnterpreneur().should('be.disabled');\nhomepage.getDOB().type('1988-12-13');\nhomepage.getSubmit().click();\nhomepage.getMessage().then(message => {\n  const m1 = message.text();\n  if (m1.includes('Success! The Form has been submitted successfully!')) {\n    cy.log('Test Passed');\n  } //var newmessge=m1.split(\".\")\n  //newmessge[0].should('contain','Success! The Form has been submitted successfully!')\n});",
              "err": {},
              "uuid": "5abb77e6-988e-4257-9498-529ece45bf14",
              "parentUUID": "dd7d4d79-b94e-4345-bd2c-b384b2a279f2",
              "isHook": false,
              "skipped": false
            }
          ],
          "suites": [],
          "passes": [
            "5abb77e6-988e-4257-9498-529ece45bf14"
          ],
          "failures": [],
          "pending": [],
          "skipped": [],
          "duration": 6301,
          "root": false,
          "rootEmpty": false,
          "_timeout": 2000
        }
      ],
      "passes": [],
      "failures": [],
      "pending": [],
      "skipped": [],
      "duration": 0,
      "root": true,
      "rootEmpty": true,
      "_timeout": 2000
    }
  ],
  "meta": {
    "mocha": {
      "version": "7.0.1"
    },
    "mochawesome": {
      "options": {
        "quiet": false,
        "reportFilename": "mochawesome",
        "saveHtml": true,
        "saveJson": true,
        "consoleReporter": "spec",
        "useInlineDiffs": false,
        "code": true
      },
      "version": "6.2.2"
    },
    "marge": {
      "options": null,
      "version": "5.2.0"
    }
  }
}